# JRE version: Java(TM) SE Runtime Environment (17.0.11+7) (build 17.0.11+7-LTS-207)
# Java VM: Java HotSpot(TM) 64-Bit Server VM (17.0.11+7-LTS-207, mixed mode, sharing, tiered, compressed oops, compressed class ptrs, g1 gc, windows-amd64)
GC Precious Log:
 CPUs: 16 total, 16 available
 Memory: 23981M
 Large Page Support: Disabled
 NUMA Support: Disabled
 Compressed Oops: Enabled (Zero based)
 Heap Region Size: 4M
 Heap Min Capacity: 8M
 Heap Initial Capacity: 376M
 Heap Max Capacity: 5996M
 Pre-touch: Disabled
 Parallel Workers: 13
 Concurrent Workers: 3
 Concurrent Refinement Workers: 13
 Periodic GC: Disabled
Heap:
 garbage-first heap   total 229376K, used 100504K [0x0000000689400000, 0x0000000800000000)
  region size 4096K, 20 young (81920K), 1 survivors (4096K)
 Metaspace       used 29922K, committed 30336K, reserved 1114112K
  class space    used 3328K, committed 3520K, reserved 1048576K
GC Heap History (14 events):
Event: 0.447 GC heap before
{Heap before GC invocations=0 (full 0):
 garbage-first heap   total 385024K, used 20480K [0x0000000689400000, 0x0000000800000000)
  region size 4096K, 5 young (20480K), 0 survivors (0K)
 Metaspace       used 5358K, committed 5504K, reserved 1114112K
  class space    used 630K, committed 704K, reserved 1048576K
}
Event: 0.450 GC heap after
{Heap after GC invocations=1 (full 0):
 garbage-first heap   total 385024K, used 3727K [0x0000000689400000, 0x0000000800000000)
  region size 4096K, 1 young (4096K), 1 survivors (4096K)
 Metaspace       used 5358K, committed 5504K, reserved 1114112K
  class space    used 630K, committed 704K, reserved 1048576K
}
Event: 0.695 GC heap before
{Heap before GC invocations=1 (full 0):
 garbage-first heap   total 385024K, used 24207K [0x0000000689400000, 0x0000000800000000)
  region size 4096K, 6 young (24576K), 1 survivors (4096K)
 Metaspace       used 6989K, committed 7168K, reserved 1114112K
  class space    used 827K, committed 896K, reserved 1048576K
}
Event: 0.698 GC heap after
{Heap after GC invocations=2 (full 0):
 garbage-first heap   total 385024K, used 4331K [0x0000000689400000, 0x0000000800000000)
  region size 4096K, 1 young (4096K), 1 survivors (4096K)
 Metaspace       used 6989K, committed 7168K, reserved 1114112K
  class space    used 827K, committed 896K, reserved 1048576K
}
Event: 1.689 GC heap before
{Heap before GC invocations=2 (full 0):
 garbage-first heap   total 385024K, used 65771K [0x0000000689400000, 0x0000000800000000)
  region size 4096K, 16 young (65536K), 1 survivors (4096K)
 Metaspace       used 15475K, committed 15616K, reserved 1114112K
  class space    used 1857K, committed 1920K, reserved 1048576K
}
Event: 1.693 GC heap after
{Heap after GC invocations=3 (full 0):
 garbage-first heap   total 385024K, used 9143K [0x0000000689400000, 0x0000000800000000)
  region size 4096K, 2 young (8192K), 2 survivors (8192K)
 Metaspace       used 15475K, committed 15616K, reserved 1114112K
  class space    used 1857K, committed 1920K, reserved 1048576K
}
Event: 2.816 GC heap before
{Heap before GC invocations=3 (full 0):
 garbage-first heap   total 385024K, used 103351K [0x0000000689400000, 0x0000000800000000)
  region size 4096K, 26 young (106496K), 2 survivors (8192K)
 Metaspace       used 21223K, committed 21504K, reserved 1114112K
  class space    used 2490K, committed 2624K, reserved 1048576K
}
Event: 2.823 GC heap after
{Heap after GC invocations=4 (full 0):
 garbage-first heap   total 385024K, used 14187K [0x0000000689400000, 0x0000000800000000)
  region size 4096K, 3 young (12288K), 3 survivors (12288K)
 Metaspace       used 21223K, committed 21504K, reserved 1114112K
  class space    used 2490K, committed 2624K, reserved 1048576K
}
Event: 3.232 GC heap before
{Heap before GC invocations=5 (full 0):
 garbage-first heap   total 69632K, used 42859K [0x0000000689400000, 0x0000000800000000)
  region size 4096K, 10 young (40960K), 3 survivors (12288K)
 Metaspace       used 25942K, committed 26240K, reserved 1114112K
  class space    used 2964K, committed 3136K, reserved 1048576K
}
Event: 3.240 GC heap after
{Heap after GC invocations=6 (full 0):
 garbage-first heap   total 69632K, used 22602K [0x0000000689400000, 0x0000000800000000)
  region size 4096K, 2 young (8192K), 2 survivors (8192K)
 Metaspace       used 25942K, committed 26240K, reserved 1114112K
  class space    used 2964K, committed 3136K, reserved 1048576K
}
Event: 3.248 GC heap before
{Heap before GC invocations=6 (full 0):
 garbage-first heap   total 69632K, used 26698K [0x0000000689400000, 0x0000000800000000)
  region size 4096K, 3 young (12288K), 2 survivors (8192K)
 Metaspace       used 25944K, committed 26240K, reserved 1114112K
  class space    used 2964K, committed 3136K, reserved 1048576K
}
Event: 3.260 GC heap after
{Heap after GC invocations=7 (full 0):
 garbage-first heap   total 69632K, used 24831K [0x0000000689400000, 0x0000000800000000)
  region size 4096K, 1 young (4096K), 1 survivors (4096K)
 Metaspace       used 25944K, committed 26240K, reserved 1114112K
  class space    used 2964K, committed 3136K, reserved 1048576K
}
Event: 3.577 GC heap before
{Heap before GC invocations=7 (full 0):
 garbage-first heap   total 69632K, used 41215K [0x0000000689400000, 0x0000000800000000)
  region size 4096K, 5 young (20480K), 1 survivors (4096K)
 Metaspace       used 27724K, committed 28032K, reserved 1114112K
  class space    used 3162K, committed 3328K, reserved 1048576K
}
Event: 3.585 GC heap after
{Heap after GC invocations=8 (full 0):
 garbage-first heap   total 229376K, used 26776K [0x0000000689400000, 0x0000000800000000)
  region size 4096K, 1 young (4096K), 1 survivors (4096K)
 Metaspace       used 27724K, committed 28032K, reserved 1114112K
  class space    used 3162K, committed 3328K, reserved 1048576K
}

